<?xml version="1.0" encoding="UTF-8"?>
<testng-results ignored="0" total="1" passed="1" failed="0" skipped="0">
  <reporter-output>
  </reporter-output>
  <suite started-at="2023-01-24T22:04:48 IST" name="Default suite" finished-at="2023-01-24T22:04:53 IST" duration-ms="5116">
    <groups>
    </groups>
    <test started-at="2023-01-24T22:04:48 IST" name="Default test" finished-at="2023-01-24T22:04:53 IST" duration-ms="5116">
      <class name="launchBrowser.Browserinstanse">
        <test-method signature="multipleinstance()[pri:0, instance:launchBrowser.Browserinstanse@689604d9]" started-at="2023-01-24T22:04:48 IST" name="multipleinstance" finished-at="2023-01-24T22:04:53 IST" duration-ms="5083" status="PASS">
          <reporter-output>
          </reporter-output>
        </test-method> <!-- multipleinstance -->
      </class> <!-- launchBrowser.Browserinstanse -->
    </test> <!-- Default test -->
  </suite> <!-- Default suite -->
</testng-results>
